<?xml version="1.0" encoding="UTF-8"?>
<testsuite xmlns:xsi="http://www.w3.org/2001/XMLSchema-instance" xsi:noNamespaceSchemaLocation="https://maven.apache.org/surefire/maven-surefire-plugin/xsd/surefire-test-report.xsd" name="in.vigneshramachandran.srcatering.TestCreateTask" time="0.154" tests="5" errors="0" skipped="0" failures="4">
  <properties>
    <property name="java.specification.version" value="17"/>
    <property name="sun.cpu.isalist" value="amd64"/>
    <property name="sun.jnu.encoding" value="Cp1252"/>
    <property name="java.class.path" value="C:\Software\eclipse ide workspace\srcatering\target\test-classes;C:\Software\eclipse ide workspace\srcatering\target\classes;C:\Users\VigneshRamachandran\.m2\repository\org\junit\jupiter\junit-jupiter-api\5.8.2\junit-jupiter-api-5.8.2.jar;C:\Users\VigneshRamachandran\.m2\repository\org\opentest4j\opentest4j\1.2.0\opentest4j-1.2.0.jar;C:\Users\VigneshRamachandran\.m2\repository\org\junit\platform\junit-platform-commons\1.8.2\junit-platform-commons-1.8.2.jar;C:\Users\VigneshRamachandran\.m2\repository\org\apiguardian\apiguardian-api\1.1.2\apiguardian-api-1.1.2.jar;C:\Users\VigneshRamachandran\.m2\repository\mysql\mysql-connector-java\8.0.28\mysql-connector-java-8.0.28.jar;C:\Users\VigneshRamachandran\.m2\repository\com\google\protobuf\protobuf-java\3.11.4\protobuf-java-3.11.4.jar;C:\Users\VigneshRamachandran\.m2\repository\com\fssa\corejava\template\1.0.0\template-1.0.0.jar;"/>
    <property name="java.vm.vendor" value="Eclipse Adoptium"/>
    <property name="sun.arch.data.model" value="64"/>
    <property name="user.variant" value=""/>
    <property name="java.vendor.url" value="https://adoptium.net/"/>
    <property name="user.timezone" value="Asia/Calcutta"/>
    <property name="os.name" value="Windows 11"/>
    <property name="java.vm.specification.version" value="17"/>
    <property name="sun.java.launcher" value="SUN_STANDARD"/>
    <property name="user.country" value="IN"/>
    <property name="sun.boot.library.path" value="C:\Software\eclipse\plugins\org.eclipse.justj.openjdk.hotspot.jre.full.win32.x86_64_17.0.6.v20230204-1729\jre\bin"/>
    <property name="sun.java.command" value="C:\Users\VIGNES~1\AppData\Local\Temp\surefire1921014238950425616\surefirebooter5968476944734904968.jar C:\Users\VigneshRamachandran\AppData\Local\Temp\surefire1921014238950425616 2023-07-24T17-45-37_470-jvmRun1 surefire13516649090841190560tmp surefire_07249175029176219522tmp"/>
    <property name="jdk.debug" value="release"/>
    <property name="surefire.test.class.path" value="C:\Software\eclipse ide workspace\srcatering\target\test-classes;C:\Software\eclipse ide workspace\srcatering\target\classes;C:\Users\VigneshRamachandran\.m2\repository\org\junit\jupiter\junit-jupiter-api\5.8.2\junit-jupiter-api-5.8.2.jar;C:\Users\VigneshRamachandran\.m2\repository\org\opentest4j\opentest4j\1.2.0\opentest4j-1.2.0.jar;C:\Users\VigneshRamachandran\.m2\repository\org\junit\platform\junit-platform-commons\1.8.2\junit-platform-commons-1.8.2.jar;C:\Users\VigneshRamachandran\.m2\repository\org\apiguardian\apiguardian-api\1.1.2\apiguardian-api-1.1.2.jar;C:\Users\VigneshRamachandran\.m2\repository\mysql\mysql-connector-java\8.0.28\mysql-connector-java-8.0.28.jar;C:\Users\VigneshRamachandran\.m2\repository\com\google\protobuf\protobuf-java\3.11.4\protobuf-java-3.11.4.jar;C:\Users\VigneshRamachandran\.m2\repository\com\fssa\corejava\template\1.0.0\template-1.0.0.jar;"/>
    <property name="sun.cpu.endian" value="little"/>
    <property name="user.home" value="C:\Users\VigneshRamachandran"/>
    <property name="user.language" value="en"/>
    <property name="java.specification.vendor" value="Oracle Corporation"/>
    <property name="java.version.date" value="2023-01-17"/>
    <property name="java.home" value="C:\Software\eclipse\plugins\org.eclipse.justj.openjdk.hotspot.jre.full.win32.x86_64_17.0.6.v20230204-1729\jre"/>
    <property name="file.separator" value="\"/>
    <property name="style.color" value="always"/>
    <property name="basedir" value="C:\Software\eclipse ide workspace\srcatering"/>
    <property name="java.vm.compressedOopsMode" value="32-bit"/>
    <property name="line.separator" value="&#10;"/>
    <property name="java.vm.specification.vendor" value="Oracle Corporation"/>
    <property name="java.specification.name" value="Java Platform API Specification"/>
    <property name="surefire.real.class.path" value="C:\Users\VIGNES~1\AppData\Local\Temp\surefire1921014238950425616\surefirebooter5968476944734904968.jar"/>
    <property name="user.script" value=""/>
    <property name="sun.management.compiler" value="HotSpot 64-Bit Tiered Compilers"/>
    <property name="java.runtime.version" value="17.0.6+10"/>
    <property name="user.name" value="VigneshRamachandran"/>
    <property name="path.separator" value=";"/>
    <property name="os.version" value="10.0"/>
    <property name="java.runtime.name" value="OpenJDK Runtime Environment"/>
    <property name="file.encoding" value="Cp1252"/>
    <property name="java.vm.name" value="OpenJDK 64-Bit Server VM"/>
    <property name="java.vendor.version" value="Temurin-17.0.6+10"/>
    <property name="localRepository" value="C:\Users\VigneshRamachandran\.m2\repository"/>
    <property name="java.vendor.url.bug" value="https://github.com/adoptium/adoptium-support/issues"/>
    <property name="java.io.tmpdir" value="C:\Users\VIGNES~1\AppData\Local\Temp\"/>
    <property name="java.version" value="17.0.6"/>
    <property name="user.dir" value="C:\Software\eclipse ide workspace\srcatering"/>
    <property name="os.arch" value="amd64"/>
    <property name="java.vm.specification.name" value="Java Virtual Machine Specification"/>
    <property name="sun.os.patch.level" value=""/>
    <property name="native.encoding" value="Cp1252"/>
    <property name="java.library.path" value="C:\Software\eclipse\plugins\org.eclipse.justj.openjdk.hotspot.jre.full.win32.x86_64_17.0.6.v20230204-1729\jre\bin;C:\WINDOWS\Sun\Java\bin;C:\WINDOWS\system32;C:\WINDOWS;C:/Software/eclipse//plugins/org.eclipse.justj.openjdk.hotspot.jre.full.win32.x86_64_17.0.6.v20230204-1729/jre/bin/server;C:/Software/eclipse//plugins/org.eclipse.justj.openjdk.hotspot.jre.full.win32.x86_64_17.0.6.v20230204-1729/jre/bin;C:\Program Files\Common Files\Oracle\Java\javapath;C:\WINDOWS\system32;C:\WINDOWS;C:\WINDOWS\System32\Wbem;C:\WINDOWS\System32\WindowsPowerShell\v1.0\;C:\WINDOWS\System32\OpenSSH\;C:\Program Files\nodejs\;C:\Program Files\Git\cmd;C:\Program Files\Java\jdk-17\bin;C:\Program Files\MySQL\MySQL Shell 8.0\bin\;C:\Users\VigneshRamachandran\AppData\Local\Microsoft\WindowsApps;C:\Users\VigneshRamachandran\AppData\Local\Programs\Microsoft VS Code\bin;C:\Users\VigneshRamachandran\AppData\Local\GitHubDesktop\bin;;C:\Software\eclipse;;."/>
    <property name="java.vm.info" value="mixed mode"/>
    <property name="java.vendor" value="Eclipse Adoptium"/>
    <property name="java.vm.version" value="17.0.6+10"/>
    <property name="sun.io.unicode.encoding" value="UnicodeLittle"/>
    <property name="java.class.version" value="61.0"/>
  </properties>
  <testcase name="in.vigneshramachandran.srcatering.TestCreateTask.testCreateTaskWithValidInput" classname="in.vigneshramachandran.srcatering.TestCreateTask" time="0.127">
    <failure message="Unexpected exception thrown: java.lang.NullPointerException: Cannot invoke &quot;java.time.LocalDate.isBefore(java.time.chrono.ChronoLocalDate)&quot; because &quot;input&quot; is null" type="org.opentest4j.AssertionFailedError">org.opentest4j.AssertionFailedError: Unexpected exception thrown: java.lang.NullPointerException: Cannot invoke "java.time.LocalDate.isBefore(java.time.chrono.ChronoLocalDate)" because "input" is null
	at org.junit.jupiter.api.AssertDoesNotThrow.createAssertionFailedError(AssertDoesNotThrow.java:83)
	at org.junit.jupiter.api.AssertDoesNotThrow.assertDoesNotThrow(AssertDoesNotThrow.java:54)
	at org.junit.jupiter.api.AssertDoesNotThrow.assertDoesNotThrow(AssertDoesNotThrow.java:37)
	at org.junit.jupiter.api.Assertions.assertDoesNotThrow(Assertions.java:3135)
	at in.vigneshramachandran.srcatering.TestCreateTask.testCreateTaskWithValidInput(TestCreateTask.java:30)
Caused by: java.lang.NullPointerException: Cannot invoke "java.time.LocalDate.isBefore(java.time.chrono.ChronoLocalDate)" because "input" is null
	at in.vigneshramachandran.srcatering.util.StringUtil.rejectIfInvalidDate(StringUtil.java:40)
	at in.vigneshramachandran.srcatering.validation.TaskValidator.validate(TaskValidator.java:16)
	at in.vigneshramachandran.srcatering.service.TaskService.create(TaskService.java:30)
	at in.vigneshramachandran.srcatering.TestCreateTask.lambda$testCreateTaskWithValidInput$0(TestCreateTask.java:31)
	at org.junit.jupiter.api.AssertDoesNotThrow.assertDoesNotThrow(AssertDoesNotThrow.java:50)
	... 16 more
</failure>
    <system-out><![CDATA[Invalid date format!
]]></system-out>
  </testcase>
  <testcase name="in.vigneshramachandran.srcatering.TestCreateTask.testCreateUserWithNameNull" classname="in.vigneshramachandran.srcatering.TestCreateTask" time="0.008">
    <failure message="Unexpected exception type thrown ==&gt; expected: &lt;in.vigneshramachandran.srcatering.exception.ValidationException&gt; but was: &lt;java.lang.NullPointerException&gt;" type="org.opentest4j.AssertionFailedError"><![CDATA[org.opentest4j.AssertionFailedError: Unexpected exception type thrown ==> expected: <in.vigneshramachandran.srcatering.exception.ValidationException> but was: <java.lang.NullPointerException>
	at org.junit.jupiter.api.AssertThrows.assertThrows(AssertThrows.java:65)
	at org.junit.jupiter.api.AssertThrows.assertThrows(AssertThrows.java:37)
	at org.junit.jupiter.api.Assertions.assertThrows(Assertions.java:3082)
	at in.vigneshramachandran.srcatering.TestCreateTask.testCreateUserWithNameNull(TestCreateTask.java:62)
Caused by: java.lang.NullPointerException: Cannot invoke "java.time.LocalDate.isBefore(java.time.chrono.ChronoLocalDate)" because "input" is null
	at in.vigneshramachandran.srcatering.util.StringUtil.rejectIfInvalidDate(StringUtil.java:40)
	at in.vigneshramachandran.srcatering.validation.TaskValidator.validate(TaskValidator.java:16)
	at in.vigneshramachandran.srcatering.service.TaskService.create(TaskService.java:30)
	at in.vigneshramachandran.srcatering.TestCreateTask.lambda$testCreateUserWithNameNull$2(TestCreateTask.java:63)
	at org.junit.jupiter.api.AssertThrows.assertThrows(AssertThrows.java:55)
	... 16 more
]]></failure>
    <system-out><![CDATA[Invalid date format!
]]></system-out>
  </testcase>
  <testcase name="in.vigneshramachandran.srcatering.TestCreateTask.testCreateUserWithNameEmpty" classname="in.vigneshramachandran.srcatering.TestCreateTask" time="0.003">
    <failure message="Unexpected exception type thrown ==&gt; expected: &lt;in.vigneshramachandran.srcatering.exception.ValidationException&gt; but was: &lt;java.lang.NullPointerException&gt;" type="org.opentest4j.AssertionFailedError"><![CDATA[org.opentest4j.AssertionFailedError: Unexpected exception type thrown ==> expected: <in.vigneshramachandran.srcatering.exception.ValidationException> but was: <java.lang.NullPointerException>
	at org.junit.jupiter.api.AssertThrows.assertThrows(AssertThrows.java:65)
	at org.junit.jupiter.api.AssertThrows.assertThrows(AssertThrows.java:37)
	at org.junit.jupiter.api.Assertions.assertThrows(Assertions.java:3082)
	at in.vigneshramachandran.srcatering.TestCreateTask.testCreateUserWithNameEmpty(TestCreateTask.java:85)
Caused by: java.lang.NullPointerException: Cannot invoke "java.time.LocalDate.isBefore(java.time.chrono.ChronoLocalDate)" because "input" is null
	at in.vigneshramachandran.srcatering.util.StringUtil.rejectIfInvalidDate(StringUtil.java:40)
	at in.vigneshramachandran.srcatering.validation.TaskValidator.validate(TaskValidator.java:16)
	at in.vigneshramachandran.srcatering.service.TaskService.create(TaskService.java:30)
	at in.vigneshramachandran.srcatering.TestCreateTask.lambda$testCreateUserWithNameEmpty$3(TestCreateTask.java:86)
	at org.junit.jupiter.api.AssertThrows.assertThrows(AssertThrows.java:55)
	... 16 more
]]></failure>
    <system-out><![CDATA[Invalid date format!
]]></system-out>
  </testcase>
  <testcase name="in.vigneshramachandran.srcatering.TestCreateTask.testCreateTaskWithInValidInput" classname="in.vigneshramachandran.srcatering.TestCreateTask" time="0.004"/>
  <testcase name="in.vigneshramachandran.srcatering.TestCreateTask.testCreateUserWithInvalidDueDate" classname="in.vigneshramachandran.srcatering.TestCreateTask" time="0.004">
    <failure message="Unexpected exception type thrown ==&gt; expected: &lt;in.vigneshramachandran.srcatering.exception.ValidationException&gt; but was: &lt;java.lang.NullPointerException&gt;" type="org.opentest4j.AssertionFailedError"><![CDATA[org.opentest4j.AssertionFailedError: Unexpected exception type thrown ==> expected: <in.vigneshramachandran.srcatering.exception.ValidationException> but was: <java.lang.NullPointerException>
	at org.junit.jupiter.api.AssertThrows.assertThrows(AssertThrows.java:65)
	at org.junit.jupiter.api.AssertThrows.assertThrows(AssertThrows.java:37)
	at org.junit.jupiter.api.Assertions.assertThrows(Assertions.java:3082)
	at in.vigneshramachandran.srcatering.TestCreateTask.testCreateUserWithInvalidDueDate(TestCreateTask.java:107)
Caused by: java.lang.NullPointerException: Cannot invoke "java.time.LocalDate.isBefore(java.time.chrono.ChronoLocalDate)" because "input" is null
	at in.vigneshramachandran.srcatering.util.StringUtil.rejectIfInvalidDate(StringUtil.java:40)
	at in.vigneshramachandran.srcatering.validation.TaskValidator.validate(TaskValidator.java:16)
	at in.vigneshramachandran.srcatering.service.TaskService.create(TaskService.java:30)
	at in.vigneshramachandran.srcatering.TestCreateTask.lambda$testCreateUserWithInvalidDueDate$4(TestCreateTask.java:108)
	at org.junit.jupiter.api.AssertThrows.assertThrows(AssertThrows.java:55)
	... 16 more
]]></failure>
    <system-out><![CDATA[Invalid date format!
]]></system-out>
  </testcase>
</testsuite>